<?xml version="1.0" encoding="UTF-8"?>
<!-- Generated by org.testng.reporters.JUnitReportReporter -->
<testsuite hostname="LAPTOP-2P3PO75B" failures="0" tests="4" name="tests.ClassTest" time="29.421" errors="0" timestamp="2023-10-02T00:05:16 IST" skipped="0">
  <testcase classname="tests.ClassTest" name="clickOnHomePage" time="12.127"/>
  <testcase classname="tests.ClassTest" name="verifyPageTitle" time="0.026"/>
  <testcase classname="tests.ClassTest" name="clickOnContactButton" time="12.328"/>
  <testcase classname="tests.ClassTest" name="enterCredentials" time="4.940">
    <system-out>
      <![CDATA[First Name has been entered
Email has been entered
clicked on Send]]>
    </system-out>
  </testcase> <!-- enterCredentials -->
  <system-out>
    <![CDATA[First Name has been entered
Email has been entered
clicked on Send]]>
  </system-out>
</testsuite> <!-- tests.ClassTest -->
