<?xml version="1.0" encoding="UTF-8"?>
<!-- Generated by org.testng.reporters.JUnitReportReporter -->
<testsuite hostname="LAPTOP-2P3PO75B" failures="0" tests="8" name="tests.Class1Test" time="59.884" errors="0" timestamp="2023-10-03T22:28:08 IST" skipped="0">
  <testcase classname="tests.Class1Test" name="testID_01" time="5.465">
    <system-out>
      <![CDATA[Clicked on Homepage button]]>
    </system-out>
  </testcase> <!-- testID_01 -->
  <testcase classname="tests.Class1Test" name="testID_02" time="0.029"/>
  <testcase classname="tests.Class1Test" name="clickOnContact" time="3.996"/>
  <testcase classname="tests.Class1Test" name="testingBlankForm" time="0.378"/>
  <testcase classname="tests.Class1Test" name="verifyingMandatoryFields" time="14.904"/>
  <testcase classname="tests.Class1Test" name="verifyingMandatoryFields" time="15.059"/>
  <testcase classname="tests.Class1Test" name="verifyingMandatoryFields" time="15.451"/>
  <testcase classname="tests.Class1Test" name="validateOptionalFields" time="4.602"/>
  <system-out>
    <![CDATA[Clicked on Homepage button]]>
  </system-out>
</testsuite> <!-- tests.Class1Test -->
